"../../../../../../GameDev/Spring19Gamejam/GameJamSpring2019/BallNChain/Content/Maps/cannon.uasset" 0
"../../../../../../GameDev/Spring19Gamejam/GameJamSpring2019/BallNChain/Content/Maps/cannon_Cube.uasset" 1
"../../../../../../GameDev/Spring19Gamejam/GameJamSpring2019/BallNChain/Content/Maps/cannon_Cylinder.uasset" 2
"../../../../../../GameDev/Spring19Gamejam/GameJamSpring2019/BallNChain/Content/Maps/Captains_Bell_Cube.uasset" 3
"../../../../../../GameDev/Spring19Gamejam/GameJamSpring2019/BallNChain/Content/Maps/Captains_Bell_Cube_001.uasset" 4
"../../../../../../GameDev/Spring19Gamejam/GameJamSpring2019/BallNChain/Content/Maps/Captains_Bell_Cube_003.uasset" 5
"../../../../../../GameDev/Spring19Gamejam/GameJamSpring2019/BallNChain/Content/Maps/Chest.uasset" 6
"../../../../../../GameDev/Spring19Gamejam/GameJamSpring2019/BallNChain/Content/Maps/Compass_Circle.uasset" 7
"../../../../../../GameDev/Spring19Gamejam/GameJamSpring2019/BallNChain/Content/Maps/Compass_Cube.uasset" 8
"../../../../../../GameDev/Spring19Gamejam/GameJamSpring2019/BallNChain/Content/Maps/Cutlass.uasset" 9
"../../../../../../GameDev/Spring19Gamejam/GameJamSpring2019/BallNChain/Content/Maps/dagger.uasset" 10
"../../../../../../GameDev/Spring19Gamejam/GameJamSpring2019/BallNChain/Content/Maps/defaultMat.uasset" 11
"../../../../../../GameDev/Spring19Gamejam/GameJamSpring2019/BallNChain/Content/Maps/DisplayBottomWithLabel.uasset" 12
"../../../../../../GameDev/Spring19Gamejam/GameJamSpring2019/BallNChain/Content/Maps/Display_Bottom_Case_Label.uasset" 13
"../../../../../../GameDev/Spring19Gamejam/GameJamSpring2019/BallNChain/Content/Maps/Display_Bottom_Case_Stand.uasset" 14
"../../../../../../GameDev/Spring19Gamejam/GameJamSpring2019/BallNChain/Content/Maps/Display_Stand.uasset" 15
"../../../../../../GameDev/Spring19Gamejam/GameJamSpring2019/BallNChain/Content/Maps/exit.uasset" 16
"../../../../../../GameDev/Spring19Gamejam/GameJamSpring2019/BallNChain/Content/Maps/Exit_sign.uasset" 17
"../../../../../../GameDev/Spring19Gamejam/GameJamSpring2019/BallNChain/Content/Maps/Exit_sign_Mat.uasset" 18
"../../../../../../GameDev/Spring19Gamejam/GameJamSpring2019/BallNChain/Content/Maps/flintock.uasset" 19
"../../../../../../GameDev/Spring19Gamejam/GameJamSpring2019/BallNChain/Content/Maps/hook.uasset" 20
"../../../Engine/Content/BasicShapes/BasicShapeMaterial.uasset" 21
"../../../Engine/Content/Functions/Engine_MaterialFunctions01/Opacity/CameraDepthFade.uasset" 22
"../../../Engine/Content/EngineMaterials/T_Default_Material_Grid_M.uasset" 23
"../../../Engine/Content/EngineMaterials/T_Default_Material_Grid_N.uasset" 24
"../../../Engine/Content/EngineMaterials/DefaultMaterial.uasset" 25
"../../../Engine/Content/BasicShapes/Cone.uasset" 26
"../../../Engine/Content/EngineMaterials/WorldGridMaterial.uasset" 27
"../../../Engine/Content/BasicShapes/Cube.uasset" 28
"../../../../../../GameDev/Spring19Gamejam/GameJamSpring2019/BallNChain/Content/Maps/lightFixture.uasset" 29
"../../../../../../GameDev/Spring19Gamejam/GameJamSpring2019/BallNChain/Content/Maps/lightFixture2.uasset" 30
"../../../../../../GameDev/Spring19Gamejam/GameJamSpring2019/BallNChain/Content/Maps/Material.uasset" 31
"../../../../../../GameDev/Spring19Gamejam/GameJamSpring2019/BallNChain/Content/Maps/Material_001.uasset" 32
"../../../../../../GameDev/Spring19Gamejam/GameJamSpring2019/BallNChain/Content/Maps/Material_002.uasset" 33
"../../../../../../GameDev/Spring19Gamejam/GameJamSpring2019/BallNChain/Content/Maps/Material_010.uasset" 34
"../../../../../../GameDev/Spring19Gamejam/GameJamSpring2019/BallNChain/Content/Maps/Nautical_Divider_Circle.uasset" 35
"../../../../../../GameDev/Spring19Gamejam/GameJamSpring2019/BallNChain/Content/Maps/Nautical_Divider_Cylinder_001.uasset" 36
"../../../../../../GameDev/Spring19Gamejam/GameJamSpring2019/BallNChain/Content/Maps/ND.uasset" 37
"../../../../../../GameDev/Spring19Gamejam/GameJamSpring2019/BallNChain/Content/Maps/Pirates_cannon_mortar.uasset" 38
"../../../../../../GameDev/Spring19Gamejam/GameJamSpring2019/BallNChain/Content/Maps/Pirates_Chest_Cube.uasset" 39
"../../../../../../GameDev/Spring19Gamejam/GameJamSpring2019/BallNChain/Content/Maps/Pirates_Chest_Cube_001.uasset" 40
"../../../../../../GameDev/Spring19Gamejam/GameJamSpring2019/BallNChain/Content/Maps/Pirates_Chest_Cube_002.uasset" 41
"../../../../../../GameDev/Spring19Gamejam/GameJamSpring2019/BallNChain/Content/Maps/Pirates_Chest_Cube_003.uasset" 42
"../../../../../../GameDev/Spring19Gamejam/GameJamSpring2019/BallNChain/Content/Maps/Pirates_Chest_Cube_004.uasset" 43
"../../../../../../GameDev/Spring19Gamejam/GameJamSpring2019/BallNChain/Content/Maps/Pirates_Chest_Torus.uasset" 44
"../../../../../../GameDev/Spring19Gamejam/GameJamSpring2019/BallNChain/Content/Maps/Pirates_Chest_Torus_001.uasset" 45
"../../../../../../GameDev/Spring19Gamejam/GameJamSpring2019/BallNChain/Content/Maps/Pirates_Cutlass_Cube.uasset" 46
"../../../../../../GameDev/Spring19Gamejam/GameJamSpring2019/BallNChain/Content/Maps/Pirates_Cutlass_Cube_001.uasset" 47
"../../../../../../GameDev/Spring19Gamejam/GameJamSpring2019/BallNChain/Content/Maps/Pirates_Flintlock_Circle.uasset" 48
"../../../../../../GameDev/Spring19Gamejam/GameJamSpring2019/BallNChain/Content/Maps/Pirates_Flintlock_Circle_001.uasset" 49
"../../../../../../GameDev/Spring19Gamejam/GameJamSpring2019/BallNChain/Content/Maps/Pirates_Flintlock_Circle_002.uasset" 50
"../../../../../../GameDev/Spring19Gamejam/GameJamSpring2019/BallNChain/Content/Maps/Pirates_Flintlock_Circle_003.uasset" 51
"../../../../../../GameDev/Spring19Gamejam/GameJamSpring2019/BallNChain/Content/Maps/Pirates_Flintlock_Cube.uasset" 52
"../../../../../../GameDev/Spring19Gamejam/GameJamSpring2019/BallNChain/Content/Maps/Pirates_Flintlock_Cube_001.uasset" 53
"../../../../../../GameDev/Spring19Gamejam/GameJamSpring2019/BallNChain/Content/Maps/Pirates_Flintlock_Cylinder.uasset" 54
"../../../../../../GameDev/Spring19Gamejam/GameJamSpring2019/BallNChain/Content/Maps/Pirates_Hat.uasset" 55
"../../../../../../GameDev/Spring19Gamejam/GameJamSpring2019/BallNChain/Content/Maps/pirates_hook_Cube.uasset" 56
"../../../../../../GameDev/Spring19Gamejam/GameJamSpring2019/BallNChain/Content/Maps/pirates_hook_Cylinder.uasset" 57
"../../../../../../GameDev/Spring19Gamejam/GameJamSpring2019/BallNChain/Content/Maps/Pirate_Map.uasset" 58
"../../../../../../GameDev/Spring19Gamejam/GameJamSpring2019/BallNChain/Content/Maps/Pirate_map_texture.uasset" 59
"../../../../../../GameDev/Spring19Gamejam/GameJamSpring2019/BallNChain/Content/Maps/Pirate_map_texture_Mat.uasset" 60
"../../../../../../GameDev/Spring19Gamejam/GameJamSpring2019/BallNChain/Content/Maps/Pirate_Ship.uasset" 61
"../../../../../../GameDev/Spring19Gamejam/GameJamSpring2019/BallNChain/Content/Maps/Pirate_Ship1_Barrel_003.uasset" 62
"../../../../../../GameDev/Spring19Gamejam/GameJamSpring2019/BallNChain/Content/Maps/Pirate_Ship1_Cube.uasset" 63
"../../../../../../GameDev/Spring19Gamejam/GameJamSpring2019/BallNChain/Content/Maps/Pirate_Ship1_Cube_001.uasset" 64
"../../../../../../GameDev/Spring19Gamejam/GameJamSpring2019/BallNChain/Content/Maps/Pirate_Ship_PhysicsAsset.uasset" 65
"../../../../../../GameDev/Spring19Gamejam/GameJamSpring2019/BallNChain/Content/Maps/Pirate_Ship_Skeleton.uasset" 66
"../../../../../../GameDev/Spring19Gamejam/GameJamSpring2019/BallNChain/Content/Maps/Ships_Anchor.uasset" 67
"../../../../../../GameDev/Spring19Gamejam/GameJamSpring2019/BallNChain/Content/Maps/Ships_Wheel.uasset" 68
"../../../../../../GameDev/Spring19Gamejam/GameJamSpring2019/BallNChain/Content/Maps/skylight.uasset" 69
"../../../Engine/Content/EditorBlueprintResources/StandardMacros.uasset" 70
"../../../../../../GameDev/Spring19Gamejam/GameJamSpring2019/BallNChain/Content/Maps/SplineActor.uasset" 71
"../../../../../../GameDev/Spring19Gamejam/GameJamSpring2019/BallNChain/Content/Geometry/Meshes/CubeMaterial.uasset" 72
"../../../../../../GameDev/Spring19Gamejam/GameJamSpring2019/BallNChain/Content/Maps/Geometry/Meshes/1M_Cube.uasset" 73
"../../../../../../GameDev/Spring19Gamejam/GameJamSpring2019/BallNChain/Content/Maps/Geometry/Meshes/CubeMaterial.uasset" 74
"../../../../../../GameDev/Spring19Gamejam/GameJamSpring2019/BallNChain/Content/Maps/StarterContent/Materials/M_Basic_Wall.uasset" 75
"../../../../../../GameDev/Spring19Gamejam/GameJamSpring2019/BallNChain/Content/Maps/StarterContent/Materials/M_Glass.uasset" 76
"../../../../../../GameDev/Spring19Gamejam/GameJamSpring2019/BallNChain/Content/Maps/StarterContent/Materials/M_Metal_Steel.uasset" 77
"../../../../../../GameDev/Spring19Gamejam/GameJamSpring2019/BallNChain/Content/Maps/StarterContent/Props/SM_Door.uasset" 78
"../../../../../../GameDev/Spring19Gamejam/GameJamSpring2019/BallNChain/Content/Maps/StarterContent/Props/SM_DoorFrame.uasset" 79
"../../../../../../GameDev/Spring19Gamejam/GameJamSpring2019/BallNChain/Content/Maps/StarterContent/Props/Materials/M_Door.uasset" 80
"../../../../../../GameDev/Spring19Gamejam/GameJamSpring2019/BallNChain/Content/Maps/StarterContent/Props/Materials/M_Frame.uasset" 81
"../../../../../../GameDev/Spring19Gamejam/GameJamSpring2019/BallNChain/Content/Maps/StarterContent/Props/Materials/M_StatueGlass.uasset" 82
"../../../../../../GameDev/Spring19Gamejam/GameJamSpring2019/BallNChain/Content/Maps/StarterContent/Shapes/Exit_sign.uasset" 83
"../../../../../../GameDev/Spring19Gamejam/GameJamSpring2019/BallNChain/Content/Maps/StarterContent/Shapes/Material.uasset" 84
"../../../../../../GameDev/Spring19Gamejam/GameJamSpring2019/BallNChain/Content/Maps/StarterContent/Shapes/Shape_Cylinder.uasset" 85
"../../../../../../GameDev/Spring19Gamejam/GameJamSpring2019/BallNChain/Content/Maps/StarterContent/Shapes/Shape_TriPyramid.uasset" 86
"../../../../../../GameDev/Spring19Gamejam/GameJamSpring2019/BallNChain/Content/Maps/StarterContent/Textures/T_Door_M.uasset" 87
"../../../../../../GameDev/Spring19Gamejam/GameJamSpring2019/BallNChain/Content/Maps/StarterContent/Textures/T_Door_N.uasset" 88
"../../../../../../GameDev/Spring19Gamejam/GameJamSpring2019/BallNChain/Content/Maps/StarterContent/Textures/T_Frame_M.uasset" 89
"../../../../../../GameDev/Spring19Gamejam/GameJamSpring2019/BallNChain/Content/Maps/StarterContent/Textures/T_Frame_N.uasset" 90
"../../../../../../GameDev/Spring19Gamejam/GameJamSpring2019/BallNChain/Content/Maps/StarterContent/Textures/T_MacroVariation.uasset" 91
"../../../../../../GameDev/Spring19Gamejam/GameJamSpring2019/BallNChain/Content/Maps/StarterContent/Textures/T_Metal_Steel_D.uasset" 92
"../../../../../../GameDev/Spring19Gamejam/GameJamSpring2019/BallNChain/Content/Maps/StarterContent/Textures/T_Metal_Steel_N.uasset" 93
"../../../../../../GameDev/Spring19Gamejam/GameJamSpring2019/BallNChain/Content/Maps/StarterContent/Textures/T_Perlin_Noise_M.uasset" 94
"../../../../../../GameDev/Spring19Gamejam/GameJamSpring2019/BallNChain/Content/Maps/StarterContent/Textures/T_Statue_M.uasset" 95
"../../../../../../GameDev/Spring19Gamejam/GameJamSpring2019/BallNChain/Content/Maps/StarterContent/Textures/T_Statue_N.uasset" 96
"../../../../../../GameDev/Spring19Gamejam/GameJamSpring2019/BallNChain/Content/Maps/Textures/CannonballTex.uasset" 97
"../../../../../../GameDev/Spring19Gamejam/GameJamSpring2019/BallNChain/Content/Effects/Chain_PhysicsAsset.uasset" 98
"../../../../../../GameDev/Spring19Gamejam/GameJamSpring2019/BallNChain/Content/Effects/Chain_Skeleton.uasset" 99
"../../../../../../GameDev/Spring19Gamejam/GameJamSpring2019/BallNChain/Content/Effects/Chain.uasset" 100
"../../../../../../GameDev/Spring19Gamejam/GameJamSpring2019/BallNChain/Content/Geometry/Meshes/Pirate_Supply_Color_Palette.uasset" 101
"../../../../../../GameDev/Spring19Gamejam/GameJamSpring2019/BallNChain/Content/Geometry/Meshes/Pirate_Supply_Color_Palette_Mat.uasset" 102
"../../../../../../GameDev/Spring19Gamejam/GameJamSpring2019/BallNChain/Content/Geometry/Meshes/broadsword.uasset" 103
"../../../../../../GameDev/Spring19Gamejam/GameJamSpring2019/BallNChain/Content/Geometry/Meshes/Material.uasset" 104
"../../../../../../GameDev/Spring19Gamejam/GameJamSpring2019/BallNChain/Content/Geometry/Meshes/Material_001.uasset" 105
"../../../../../../GameDev/Spring19Gamejam/GameJamSpring2019/BallNChain/Content/Textures/Pirate_Ship_Color_Palette.uasset" 106
"../../../../../../GameDev/Spring19Gamejam/GameJamSpring2019/BallNChain/Content/Textures/Pirate_Ship_Color_Palette_Mat.uasset" 107
"../../../../../../GameDev/Spring19Gamejam/GameJamSpring2019/BallNChain/Content/Geometry/Meshes/Museum/Cannonballs.uasset" 108
"../../../../../../GameDev/Spring19Gamejam/GameJamSpring2019/BallNChain/Content/Geometry/Meshes/Museum/Piratescannonmortar.uasset" 109
"../../../../../../GameDev/Spring19Gamejam/GameJamSpring2019/BallNChain/Content/Textures/Pirate_Supply_Color_Palette.uasset" 110
"../../../../../../GameDev/Spring19Gamejam/GameJamSpring2019/BallNChain/Content/Textures/Pirate_Supply_Color_Palette_Mat.uasset" 111
"../../../../../../GameDev/Spring19Gamejam/GameJamSpring2019/BallNChain/Content/Geometry/Meshes/Museum/stiletto.uasset" 112
"../../../../../../GameDev/Spring19Gamejam/GameJamSpring2019/BallNChain/Content/Mannequin/Character/Mesh/UE4_Mannequin_Skeleton.uasset" 113
"../../../../../../GameDev/Spring19Gamejam/GameJamSpring2019/BallNChain/Content/Mannequin/Animations/ThirdPersonJump_End.uasset" 114
"../../../../../../GameDev/Spring19Gamejam/GameJamSpring2019/BallNChain/Content/Mannequin/Animations/ThirdPerson_Jump.uasset" 115
"../../../../../../GameDev/Spring19Gamejam/GameJamSpring2019/BallNChain/Content/Mannequin/Animations/ThirdPersonJump_Loop.uasset" 116
"../../../../../../GameDev/Spring19Gamejam/GameJamSpring2019/BallNChain/Content/Mannequin/Animations/ThirdPersonJump_Start.uasset" 117
"../../../../../../GameDev/Spring19Gamejam/GameJamSpring2019/BallNChain/Content/Mannequin/Animations/ThirdPersonIdle.uasset" 118
"../../../../../../GameDev/Spring19Gamejam/GameJamSpring2019/BallNChain/Content/Mannequin/Animations/ThirdPersonRun.uasset" 119
"../../../../../../GameDev/Spring19Gamejam/GameJamSpring2019/BallNChain/Content/Mannequin/Animations/ThirdPersonWalk.uasset" 120
"../../../../../../GameDev/Spring19Gamejam/GameJamSpring2019/BallNChain/Content/Mannequin/Animations/ThirdPerson_IdleRun_2D.uasset" 121
"../../../../../../GameDev/Spring19Gamejam/GameJamSpring2019/BallNChain/Content/Mannequin/Animations/ThirdPerson_AnimBP.uasset" 122
"../../../Engine/Content/Functions/Engine_MaterialFunctions02/Utility/BlendAngleCorrectedNormals.uasset" 123
"../../../Engine/Content/Functions/MaterialLayerFunctions/MatLayerBlend_NormalBlend.uasset" 124
"../../../Engine/Content/Functions/MaterialLayerFunctions/MatLayerBlend_Simple.uasset" 125
"../../../../../../GameDev/Spring19Gamejam/GameJamSpring2019/BallNChain/Content/Mannequin/Character/Materials/MaterialLayers/T_ML_Rubber_Blue_01_D.uasset" 126
"../../../../../../GameDev/Spring19Gamejam/GameJamSpring2019/BallNChain/Content/Mannequin/Character/Materials/MaterialLayers/T_ML_Rubber_Blue_01_N.uasset" 127
"../../../../../../GameDev/Spring19Gamejam/GameJamSpring2019/BallNChain/Content/Mannequin/Character/Materials/MaterialLayers/ML_GlossyBlack_Latex_UE4.uasset" 128
"../../../../../../GameDev/Spring19Gamejam/GameJamSpring2019/BallNChain/Content/Mannequin/Character/Materials/MaterialLayers/ML_Plastic_Shiny_Beige.uasset" 129
"../../../../../../GameDev/Spring19Gamejam/GameJamSpring2019/BallNChain/Content/Mannequin/Character/Textures/UE4_LOGO_CARD.uasset" 130
"../../../../../../GameDev/Spring19Gamejam/GameJamSpring2019/BallNChain/Content/Mannequin/Character/Materials/MaterialLayers/ML_Plastic_Shiny_Beige_LOGO.uasset" 131
"../../../../../../GameDev/Spring19Gamejam/GameJamSpring2019/BallNChain/Content/Mannequin/Character/Materials/MaterialLayers/T_ML_Aluminum01.uasset" 132
"../../../../../../GameDev/Spring19Gamejam/GameJamSpring2019/BallNChain/Content/Mannequin/Character/Materials/MaterialLayers/T_ML_Aluminum01_N.uasset" 133
"../../../../../../GameDev/Spring19Gamejam/GameJamSpring2019/BallNChain/Content/Mannequin/Character/Materials/MaterialLayers/ML_SoftMetal_UE4.uasset" 134
"../../../../../../GameDev/Spring19Gamejam/GameJamSpring2019/BallNChain/Content/Mannequin/Character/Textures/UE4_Mannequin__normals.uasset" 135
"../../../../../../GameDev/Spring19Gamejam/GameJamSpring2019/BallNChain/Content/Mannequin/Character/Textures/UE4_Mannequin_MAT_MASKA.uasset" 136
"../../../../../../GameDev/Spring19Gamejam/GameJamSpring2019/BallNChain/Content/Mannequin/Character/Materials/M_UE4Man_Body.uasset" 137
"../../../../../../GameDev/Spring19Gamejam/GameJamSpring2019/BallNChain/Content/Mannequin/Character/Textures/UE4Man_Logo_N.uasset" 138
"../../../../../../GameDev/Spring19Gamejam/GameJamSpring2019/BallNChain/Content/Mannequin/Character/Materials/M_UE4Man_ChestLogo.uasset" 139
"../../../../../../GameDev/Spring19Gamejam/GameJamSpring2019/BallNChain/Content/Mannequin/Character/Mesh/SK_Mannequin_PhysicsAsset.uasset" 140
"../../../../../../GameDev/Spring19Gamejam/GameJamSpring2019/BallNChain/Content/Mannequin/Character/Mesh/SK_Mannequin.uasset" 141
"../../../../../../GameDev/Spring19Gamejam/GameJamSpring2019/BallNChain/Content/Sounds/BigShatter_01.uasset" 142
"../../../../../../GameDev/Spring19Gamejam/GameJamSpring2019/BallNChain/Content/Sounds/BigShatter_01_Cue.uasset" 143
"../../../../../../GameDev/Spring19Gamejam/GameJamSpring2019/BallNChain/Content/Sounds/DefAtten.uasset" 144
"../../../../../../GameDev/Spring19Gamejam/GameJamSpring2019/BallNChain/Content/Sounds/SmallShatter_01.uasset" 145
"../../../../../../GameDev/Spring19Gamejam/GameJamSpring2019/BallNChain/Content/Sounds/SmallShatter_01_Cue.uasset" 146
"../../../../../../GameDev/Spring19Gamejam/GameJamSpring2019/BallNChain/Content/Sounds/DeepWhoo.uasset" 147
"../../../../../../GameDev/Spring19Gamejam/GameJamSpring2019/BallNChain/Content/Sounds/DeepWhoo_Cue.uasset" 148
"../../../../../../GameDev/Spring19Gamejam/GameJamSpring2019/BallNChain/Content/ThirdPersonBP/Blueprints/Animation/PiratePlayer_Skeleton.uasset" 149
"../../../../../../GameDev/Spring19Gamejam/GameJamSpring2019/BallNChain/Content/ThirdPersonBP/Blueprints/Animation/PiratePlayer_Anim_Armature_inAirPulled.uasset" 150
"../../../../../../GameDev/Spring19Gamejam/GameJamSpring2019/BallNChain/Content/Sounds/BodyImp_02.uasset" 151
"../../../../../../GameDev/Spring19Gamejam/GameJamSpring2019/BallNChain/Content/Sounds/BodyImpact.uasset" 152
"../../../../../../GameDev/Spring19Gamejam/GameJamSpring2019/BallNChain/Content/Sounds/BodyImpact_01.uasset" 153
"../../../../../../GameDev/Spring19Gamejam/GameJamSpring2019/BallNChain/Content/Sounds/BodyImpact_01_Cue.uasset" 154
"../../../../../../GameDev/Spring19Gamejam/GameJamSpring2019/BallNChain/Content/Sounds/PickUp_01.uasset" 155
"../../../../../../GameDev/Spring19Gamejam/GameJamSpring2019/BallNChain/Content/Sounds/PickUp_01_Cue.uasset" 156
"../../../../../../GameDev/Spring19Gamejam/GameJamSpring2019/BallNChain/Content/Sounds/Cloth.uasset" 157
"../../../../../../GameDev/Spring19Gamejam/GameJamSpring2019/BallNChain/Content/Sounds/WoodStep.uasset" 158
"../../../../../../GameDev/Spring19Gamejam/GameJamSpring2019/BallNChain/Content/Sounds/WoodStep_Cue.uasset" 159
"../../../../../../GameDev/Spring19Gamejam/GameJamSpring2019/BallNChain/Content/ThirdPersonBP/Blueprints/Animation/PiratePlayer_Anim_Armature_Land.uasset" 160
"../../../../../../GameDev/Spring19Gamejam/GameJamSpring2019/BallNChain/Content/ThirdPersonBP/Blueprints/Animation/PiratePlayer_Anim_Armature_PickUp.uasset" 161
"../../../../../../GameDev/Spring19Gamejam/GameJamSpring2019/BallNChain/Content/ThirdPersonBP/Blueprints/Animation/PiratePlayer_Anim_Armature_SwingLoop.uasset" 162
"../../../../../../GameDev/Spring19Gamejam/GameJamSpring2019/BallNChain/Content/ThirdPersonBP/Blueprints/Animation/PiratePlayer_Anim_Armature_SwingRelease.uasset" 163
"../../../../../../GameDev/Spring19Gamejam/GameJamSpring2019/BallNChain/Content/Sounds/DeepWhoosh_01.uasset" 164
"../../../../../../GameDev/Spring19Gamejam/GameJamSpring2019/BallNChain/Content/Sounds/DeepWhoosh_01_Cue.uasset" 165
"../../../../../../GameDev/Spring19Gamejam/GameJamSpring2019/BallNChain/Content/Sounds/LightWhoosh.uasset" 166
"../../../../../../GameDev/Spring19Gamejam/GameJamSpring2019/BallNChain/Content/Sounds/LightWhoosh_Cue.uasset" 167
"../../../../../../GameDev/Spring19Gamejam/GameJamSpring2019/BallNChain/Content/ThirdPersonBP/Blueprints/Animation/PiratePlayer_Anim_Armature_SwingShort.uasset" 168
"../../../../../../GameDev/Spring19Gamejam/GameJamSpring2019/BallNChain/Content/ThirdPersonBP/Blueprints/Animation/PiratePlayer_Anim_Armature_SwingStart.uasset" 169
"../../../../../../GameDev/Spring19Gamejam/GameJamSpring2019/BallNChain/Content/ThirdPersonBP/Blueprints/Animation/PiratePlayer_Anim_Armature_HoldingIdle.uasset" 170
"../../../../../../GameDev/Spring19Gamejam/GameJamSpring2019/BallNChain/Content/ThirdPersonBP/Blueprints/Animation/PiratePlayer_Anim_Armature_Idle.uasset" 171
"../../../../../../GameDev/Spring19Gamejam/GameJamSpring2019/BallNChain/Content/Sounds/NormalStep.uasset" 172
"../../../../../../GameDev/Spring19Gamejam/GameJamSpring2019/BallNChain/Content/Sounds/NormalStep_Cue.uasset" 173
"../../../../../../GameDev/Spring19Gamejam/GameJamSpring2019/BallNChain/Content/ThirdPersonBP/Blueprints/Animation/PiratePlayer_Anim_Armature_Walk.uasset" 174
"../../../../../../GameDev/Spring19Gamejam/GameJamSpring2019/BallNChain/Content/ThirdPersonBP/Blueprints/Animation/IdleWalkCarry.uasset" 175
"../../../../../../GameDev/Spring19Gamejam/GameJamSpring2019/BallNChain/Content/ThirdPersonBP/Blueprints/Animation/Player_AnimBP.uasset" 176
"../../../../../../GameDev/Spring19Gamejam/GameJamSpring2019/BallNChain/Content/ThirdPersonBP/Blueprints/Pseudoball/Ball_Skeleton.uasset" 177
"../../../../../../GameDev/Spring19Gamejam/GameJamSpring2019/BallNChain/Content/ThirdPersonBP/Blueprints/Pseudoball/Ball_Anim_Armature_001_BallPickUp.uasset" 178
"../../../../../../GameDev/Spring19Gamejam/GameJamSpring2019/BallNChain/Content/ThirdPersonBP/Blueprints/Pseudoball/Ball_Anim_Armature_001_BallShortSwing.uasset" 179
"../../../../../../GameDev/Spring19Gamejam/GameJamSpring2019/BallNChain/Content/ThirdPersonBP/Blueprints/Pseudoball/Ball_Anim_Armature_001_BallStartSwing.uasset" 180
"../../../../../../GameDev/Spring19Gamejam/GameJamSpring2019/BallNChain/Content/ThirdPersonBP/Blueprints/Pseudoball/Ball_Anim_Armature_001_BallSwingLoop.uasset" 181
"../../../../../../GameDev/Spring19Gamejam/GameJamSpring2019/BallNChain/Content/ThirdPersonBP/Blueprints/Pseudoball/BallAnim.uasset" 182
"../../../Engine/Content/BasicShapes/Sphere.uasset" 183
"../../../../../../GameDev/Spring19Gamejam/GameJamSpring2019/BallNChain/Content/ThirdPersonBP/Blueprints/Target.uasset" 184
"../../../../../../GameDev/Spring19Gamejam/GameJamSpring2019/BallNChain/Content/Textures/CannonballTex.uasset" 185
"../../../../../../GameDev/Spring19Gamejam/GameJamSpring2019/BallNChain/Content/Sounds/MetalDing_01.uasset" 186
"../../../../../../GameDev/Spring19Gamejam/GameJamSpring2019/BallNChain/Content/Sounds/MetalDing_01_Cue.uasset" 187
"../../../../../../GameDev/Spring19Gamejam/GameJamSpring2019/BallNChain/Content/ThirdPersonBP/Blueprints/Tether.uasset" 188
"../../../../../../GameDev/Spring19Gamejam/GameJamSpring2019/BallNChain/Content/ThirdPersonBP/Blueprints/Animation/Ghost2.uasset" 189
"../../../../../../GameDev/Spring19Gamejam/GameJamSpring2019/BallNChain/Content/Menus/Compass.uasset" 190
"../../../../../../GameDev/Spring19Gamejam/GameJamSpring2019/BallNChain/Content/Menus/Map.uasset" 191
"../../../../../../GameDev/Spring19Gamejam/GameJamSpring2019/BallNChain/Content/Menus/Collectibles.uasset" 192
"../../../../../../GameDev/Spring19Gamejam/GameJamSpring2019/BallNChain/Content/ThirdPersonBP/Blueprints/Animation/Ghost.uasset" 193
"../../../../../../GameDev/Spring19Gamejam/GameJamSpring2019/BallNChain/Content/ThirdPersonBP/Blueprints/Animation/Ghost1.uasset" 194
"../../../../../../GameDev/Spring19Gamejam/GameJamSpring2019/BallNChain/Content/ThirdPersonBP/Blueprints/Animation/PiratePlayer_PhysicsAsset.uasset" 195
"../../../../../../GameDev/Spring19Gamejam/GameJamSpring2019/BallNChain/Content/ThirdPersonBP/Blueprints/Animation/PiratePlayer.uasset" 196
"../../../../../../GameDev/Spring19Gamejam/GameJamSpring2019/BallNChain/Content/ThirdPersonBP/Blueprints/Pseudoball/Ball.uasset" 197
"../../../../../../GameDev/Spring19Gamejam/GameJamSpring2019/BallNChain/Content/ThirdPersonBP/Blueprints/ThirdPersonCharacter.uasset" 198
"../../../../../../GameDev/Spring19Gamejam/GameJamSpring2019/BallNChain/Content/ThirdPersonBP/Blueprints/ThirdPersonGameMode.uasset" 199
"../../../../../../GameDev/Spring19Gamejam/GameJamSpring2019/BallNChain/Content/ThirdPersonBP/Blueprints/Animation/Gold.uasset" 200
"../../../../../../GameDev/Spring19Gamejam/GameJamSpring2019/BallNChain/Content/ThirdPersonBP/Blueprints/Animation/PiratePlayer_Anim_Armature_ArmatureAction.uasset" 201
"../../../../../../GameDev/Spring19Gamejam/GameJamSpring2019/BallNChain/Content/ThirdPersonBP/Blueprints/Animation/PiratePlayer_Anim_Armature_SmallPull.uasset" 202
"../../../../../../GameDev/Spring19Gamejam/GameJamSpring2019/BallNChain/Content/ThirdPersonBP/Blueprints/Animation/PiratePlayer_Anim_Armature_Yank.uasset" 203
"../../../../../../GameDev/Spring19Gamejam/GameJamSpring2019/BallNChain/Content/ThirdPersonBP/Blueprints/Animation/Skin.uasset" 204
"../../../../../../GameDev/Spring19Gamejam/GameJamSpring2019/BallNChain/Content/ThirdPersonBP/Blueprints/Animation/Wood.uasset" 205
"../../../Engine/Content/ArtTools/RenderToTexture/Meshes/S_1_Unit_Plane.uasset" 206
"../../../Engine/Content/BasicShapes/Plane.uasset" 207
"../../../Engine/Content/EditorLandscapeResources/DataLayer.uasset" 208
"../../../Engine/Content/EditorMaterials/GizmoMaterial.uasset" 209
"../../../Engine/Content/EditorMaterials/MAT_Groups_Toggle.uasset" 210
"../../../Engine/Content/EditorMaterials/MAT_Groups_Visibility.uasset" 211
"../../../Engine/Content/EditorMaterials/PreviewShadowIndicator.uasset" 212
"../../../Engine/Content/EditorMaterials/PreviewShadowIndicatorMaterial.uasset" 213
"../../../Engine/Content/EditorMaterials/MatineeGroups/MAT_ColorTrack.uasset" 214
"../../../Engine/Content/EditorMaterials/MatineeGroups/MAT_Groups_Anim.uasset" 215
"../../../Engine/Content/EditorMaterials/MatineeGroups/MAT_Groups_AudioMaster.uasset" 216
"../../../Engine/Content/EditorMaterials/MatineeGroups/MAT_Groups_Director.uasset" 217
"../../../Engine/Content/EditorMaterials/MatineeGroups/MAT_Groups_Event.uasset" 218
"../../../Engine/Content/EditorMaterials/MatineeGroups/MAT_Groups_Fade.uasset" 219
"../../../Engine/Content/EditorMaterials/MatineeGroups/MAT_Groups_Float.uasset" 220
"../../../Engine/Content/EditorMaterials/MatineeGroups/MAT_Groups_Move.uasset" 221
"../../../Engine/Content/EditorMaterials/MatineeGroups/MAT_Groups_Slomo.uasset" 222
"../../../Engine/Content/EditorMaterials/MatineeGroups/MAT_Groups_Sound.uasset" 223
"../../../Engine/Content/EditorMaterials/MatineeGroups/MAT_Groups_Vector.uasset" 224
"../../../Engine/Content/EditorMaterials/ParticleSystems/PSysThumbnail_NoImage.uasset" 225
"../../../Engine/Content/EditorMaterials/ParticleSystems/PSysThumbnail_OOD.uasset" 226
"../../../Engine/Content/EditorMaterials/Camera/CineMat.uasset" 227
"../../../Engine/Content/EditorMaterials/Camera/MI_CineMat_Rig.uasset" 228
"../../../Engine/Content/EditorMeshes/Camera/SM_CraneRig_Arm.uasset" 229
"../../../Engine/Content/EditorMeshes/Camera/SM_CraneRig_Base.uasset" 230
"../../../Engine/Content/EditorMeshes/Camera/SM_CraneRig_Body.uasset" 231
"../../../Engine/Content/EditorMeshes/Camera/SM_CraneRig_Mount.uasset" 232
"../../../Engine/Content/EditorMeshes/Camera/SM_RailRig_Mount.uasset" 233
"../../../Engine/Content/EditorMeshes/Camera/SM_RailRig_Track.uasset" 234
"../../../Engine/Content/EditorResources/BSPVertex.uasset" 235
"../../../Engine/Content/EditorResources/EmptyActor.uasset" 236
"../../../Engine/Content/EditorResources/S_Actor.uasset" 237
"../../../Engine/Content/EditorResources/S_Trigger.uasset" 238
"../../../Engine/Content/EditorResources/AudioIcons/S_AudioComponent_AutoActivate.uasset" 239
"../../../Engine/Content/EditorResources/LightIcons/S_LightError.uasset" 240
"../../../Engine/Content/EditorResources/SequenceRecorder/Countdown.uasset" 241
"../../../Engine/Content/EditorResources/SequenceRecorder/RecordingIndicator.uasset" 242
"../../../Engine/Content/EditorSounds/Notifications/CompileFailed.uasset" 243
"../../../Engine/Content/EditorSounds/Notifications/CompileFailed_Cue.uasset" 244
"../../../Engine/Content/EditorSounds/Notifications/CompileSuccess.uasset" 245
"../../../Engine/Content/EditorSounds/Notifications/CompileStart_Cue.uasset" 246
"../../../Engine/Content/EditorSounds/Notifications/CompileSuccess_Cue.uasset" 247
"../../../Engine/Content/EngineDamageTypes/DmgTypeBP_Environmental.uasset" 248
"../../../Engine/Content/EngineDebugMaterials/HeatmapGradient.uasset" 249
"../../../Engine/Content/EngineDebugMaterials/BoneWeightMaterial.uasset" 250
"../../../Engine/Content/EngineDebugMaterials/ClothMaterial.uasset" 251
"../../../Engine/Content/EngineDebugMaterials/ClothMaterial_WF.uasset" 252
"../../../Engine/Content/EngineDebugMaterials/DebugEditorMaterial.uasset" 253
"../../../Engine/Content/EngineDebugMaterials/DebugMeshMaterial.uasset" 254
"../../../Engine/Content/EngineDebugMaterials/GeomMaterial.uasset" 255
"../../../Engine/Content/EngineDebugMaterials/M_SimpleTranslucent.uasset" 256
"../../../Engine/Content/EngineFonts/Faces/RobotoBold.uasset" 257
"../../../Engine/Content/EngineFonts/Faces/RobotoBoldItalic.uasset" 258
"../../../Engine/Content/EngineFonts/Faces/RobotoItalic.uasset" 259
"../../../Engine/Content/EngineFonts/Faces/RobotoLight.uasset" 260
"../../../Engine/Content/EngineFonts/Faces/RobotoRegular.uasset" 261
"../../../Engine/Content/EngineFonts/Roboto.uasset" 262
"../../../Engine/Content/EngineFonts/Faces/RobotoTiny.uasset" 263
"../../../Engine/Content/EngineFonts/RobotoTiny.uasset" 264
"../../../Engine/Content/EngineMaterials/BaseFlattenDiffuseMap.uasset" 265
"../../../Engine/Content/EngineMaterials/BaseFlattenEmissiveMap.uasset" 266
"../../../Engine/Content/EngineMaterials/BaseFlattenGrayscaleMap.uasset" 267
"../../../Engine/Content/EngineMaterials/BaseFlattenNormalMap.uasset" 268
"../../../Engine/Content/EngineMaterials/BaseFlattenMaterial.uasset" 269
"../../../Engine/Content/EngineMaterials/DefaultBloomKernel.uasset" 270
"../../../Engine/Content/EngineMaterials/DefaultBokeh.uasset" 271
"../../../Engine/Content/EngineMaterials/DefaultDiffuse.uasset" 272
"../../../Engine/Content/EngineMaterials/DefaultDeferredDecalMaterial.uasset" 273
"../../../Engine/Content/EngineMaterials/DefaultLightFunctionMaterial.uasset" 274
"../../../Engine/Content/EngineMaterials/DefaultPhysicalMaterial.uasset" 275
"../../../Engine/Content/Functions/Engine_MaterialFunctions02/Utility/BreakOutFloat2Components.uasset" 276
"../../../Engine/Content/EngineMaterials/DefaultPostProcessMaterial.uasset" 277
"../../../Engine/Content/EngineFonts/RobotoDistanceField.uasset" 278
"../../../Engine/Content/EngineMaterials/DefaultTextMaterialOpaque.uasset" 279
"../../../Engine/Content/EngineMaterials/DefaultWhiteGrid.uasset" 280
"../../../Engine/Content/EngineMaterials/EditorBrushMaterial.uasset" 281
"../../../Engine/Content/EngineMaterials/Good64x64TilingNoiseHighFreq.uasset" 282
"../../../Engine/Content/EngineMaterials/MiniFont.uasset" 283
"../../../Engine/Content/EngineMaterials/InvalidLightmapSettings.uasset" 284
"../../../Engine/Content/EngineMaterials/M_InvalidLightmapSettings.uasset" 285
"../../../Engine/Content/Functions/Engine_MaterialFunctions02/WorldPositionOffset/CameraOffset.uasset" 286
"../../../Engine/Content/EngineMaterials/PhAT_JointLimitMaterial.uasset" 287
"../../../Engine/Content/EngineMaterials/PreintegratedSkinBRDF.uasset" 288
"../../../Engine/Content/EngineMaterials/RemoveSurfaceMaterial.uasset" 289
"../../../Engine/Content/EngineMaterials/WeightMapPlaceholderTexture.uasset" 290
"../../../Engine/Content/EngineResources/WhiteSquareTexture.uasset" 291
"../../../Engine/Content/EngineMaterials/Widget3DPassThrough.uasset" 292
"../../../Engine/Content/EngineMaterials/Widget3DPassThrough_Masked.uasset" 293
"../../../Engine/Content/EngineMaterials/Widget3DPassThrough_Opaque.uasset" 294
"../../../Engine/Content/EngineMaterials/Widget3DPassThrough_Masked_OneSided.uasset" 295
"../../../Engine/Content/EngineMaterials/Widget3DPassThrough_Opaque_OneSided.uasset" 296
"../../../Engine/Content/EngineMaterials/Widget3DPassThrough_Translucent.uasset" 297
"../../../Engine/Content/EngineMaterials/Widget3DPassThrough_Translucent_OneSided.uasset" 298
"../../../Engine/Content/EngineMeshes/Cylinder.uasset" 299
"../../../Engine/Content/EngineMeshes/Sphere.uasset" 300
"../../../Engine/Content/EngineResources/Black.uasset" 301
"../../../Engine/Content/EngineResources/DefaultTexture.uasset" 302
"../../../Engine/Content/EngineResources/DefaultTextureCube.uasset" 303
"../../../Engine/Content/EngineResources/DefaultVolumeTexture2D.uasset" 304
"../../../Engine/Content/EngineResources/DefaultVolumeTexture.uasset" 305
"../../../Engine/Content/EngineResources/GradientTexture0.uasset" 306
"../../../Engine/Content/EngineSounds/Master.uasset" 307
"../../../Engine/Content/Functions/Engine_MaterialFunctions01/Shading/ConvertFromDiffSpec.uasset" 308
"../../../Engine/Content/Functions/Engine_MaterialFunctions01/Shading/PowerToRoughness.uasset" 309
"../../../Engine/Content/Maps/Templates/Thumbnails/Default.uasset" 310
"../../../Engine/Content/Maps/Templates/Thumbnails/VR-Basic.uasset" 311
"../../../Engine/Content/MobileResources/T_MobileControls_texture.uasset" 312
"../../../Engine/Content/MobileResources/T_MobileMenu2.uasset" 313
"../../../Engine/Content/MobileResources/HUD/AnalogHat.uasset" 314
"../../../Engine/Content/MobileResources/HUD/VirtualJoystick_Background.uasset" 315
"../../../Engine/Content/MobileResources/HUD/VirtualJoystick_Thumb.uasset" 316
"../../../Engine/Content/MobileResources/HUD/DefaultVirtualJoysticks.uasset" 317
"../../../Engine/Content/MobileResources/HUD/LeftVirtualJoystickOnly.uasset" 318
"../../../Engine/Content/MobileResources/HUD/MobileHUDButton1_off.uasset" 319
"../../../Engine/Content/MobileResources/HUD/MobileHUDButton1_on.uasset" 320
"../../../Engine/Content/MobileResources/HUD/MobileHUDButton2_off.uasset" 321
"../../../Engine/Content/MobileResources/HUD/MobileHUDButton2_on.uasset" 322
"../../../Engine/Content/MobileResources/HUD/MobileHUDButton3.uasset" 323
"../../../Engine/Content/MobileResources/HUD/MobileHUDButtonFire.uasset" 324
"../../../Engine/Content/MobileResources/HUD/MobileHUDDirectionPad.uasset" 325
"../../../Engine/Content/MobileResources/HUD/MobileHUDDirectionPad2.uasset" 326
"../../../Engine/Content/MobileResources/HUD/MobileHUDDirectionPad3.uasset" 327
"../../../Engine/Content/MobileResources/HUD/MobileHUDDirectionStick.uasset" 328
"../../../Engine/Content/MobileResources/HUD/T_Castle_ThumbstickInner.uasset" 329
"../../../Engine/Content/MobileResources/HUD/T_Castle_ThumbstickOutter.uasset" 330
"../../../Engine/Content/Tutorial/ContentIntroCurve.uasset" 331
"../../../Engine/Content/VREditor/LaserPointer/VR_LaserPower_01.uasset" 332
"../../../Engine/Content/VREditor/TransformGizmo/TransformGizmoMaterial.uasset" 333
"../../../Engine/Content/VREditor/TransformGizmo/TranslucentTransformGizmoMaterial.uasset" 334
"../../../Engine/Content/VREditor/TransformGizmo/BoundingBoxCorner.uasset" 335
"../../../Engine/Content/VREditor/TransformGizmo/BoundingBoxEdge.uasset" 336
"../../../Engine/Content/VREditor/TransformGizmo/PlaneTranslationHandle.uasset" 337
"../../../Engine/Content/VREditor/TransformGizmo/Main.uasset" 338
"../../../Engine/Content/VREditor/TransformGizmo/Xray.uasset" 339
"../../../Engine/Content/VREditor/TransformGizmo/SM_Sequencer_Key.uasset" 340
"../../../Engine/Content/VREditor/TransformGizmo/SM_Sequencer_Node.uasset" 341
"../../Plugins/2D/Paper2D/Content/PlaceholderTextures/DummySpriteTexture.uasset" 342
"../../Plugins/2D/Paper2D/Content/DummySprite.uasset" 343
"../../Plugins/2D/Paper2D/Content/DefaultPaperTerrainMaterial.uasset" 344
"../../Plugins/2D/Paper2D/Content/DefaultSpriteMaterial.uasset" 345
"../../Plugins/2D/Paper2D/Content/MaskedUnlitSpriteMaterial.uasset" 346
"../../Plugins/2D/Paper2D/Content/OpaqueUnlitSpriteMaterial.uasset" 347
"../../Plugins/Runtime/Oculus/OculusVR/Content/Materials/PokeAHoleMaterial.uasset" 348
"../../Plugins/Runtime/Oculus/OculusVR/Content/Textures/GearVRController_AO.uasset" 349
"../../Plugins/Runtime/Oculus/OculusVR/Content/Textures/GearVRController_Color.uasset" 350
"../../Plugins/Runtime/Oculus/OculusVR/Content/Textures/GearVRController_Normal.uasset" 351
"../../Plugins/Runtime/Oculus/OculusVR/Content/Materials/GearVRControllerMaterial.uasset" 352
"../../Plugins/Runtime/Oculus/OculusVR/Content/Meshes/GearVrController.uasset" 353
"../../Plugins/Runtime/Oculus/OculusVR/Content/Textures/touchController_albedo.uasset" 354
"../../Plugins/Runtime/Oculus/OculusVR/Content/Textures/touchController_controlmap.uasset" 355
"../../Plugins/Runtime/Oculus/OculusVR/Content/Materials/touchController_mat.uasset" 356
"../../Plugins/Runtime/Oculus/OculusVR/Content/Meshes/LeftTouchController.uasset" 357
"../../Plugins/Runtime/Oculus/OculusVR/Content/Meshes/RiftHMD.uasset" 358
"../../Plugins/Runtime/Oculus/OculusVR/Content/Meshes/RightTouchController.uasset" 359
"../../../Engine/Content/EngineSky/C_Sky_Cloud_Color.uasset" 360
"../../../Engine/Content/EngineSky/C_Sky_Horizon_Color.uasset" 361
"../../../Engine/Content/EngineSky/C_Sky_Zenith_Color.uasset" 362
"../../../Engine/Content/EngineSky/T_Sky_Blue.uasset" 363
"../../../Engine/Content/EngineSky/T_Sky_Clouds_M.uasset" 364
"../../../Engine/Content/EngineSky/T_Sky_Stars.uasset" 365
"../../../Engine/Content/EngineSky/M_Sky_Panning_Clouds2.uasset" 366
"../../../Engine/Content/EngineSky/SM_SkySphere.uasset" 367
"../../../Engine/Content/EngineSky/BP_Sky_Sphere.uasset" 368
"../../../../../../GameDev/Spring19Gamejam/GameJamSpring2019/BallNChain/Content/Geometry/Meshes/1M_Cube1.uasset" 369
"../../../../../../GameDev/Spring19Gamejam/GameJamSpring2019/BallNChain/Content/Geometry/Meshes/1M_Cube1_DM.uasset" 370
"../../../../../../GameDev/Spring19Gamejam/GameJamSpring2019/BallNChain/Content/Textures/Glass.uasset" 371
"../../../../../../GameDev/Spring19Gamejam/GameJamSpring2019/BallNChain/Content/Sounds/HighShatter_01.uasset" 372
"../../../../../../GameDev/Spring19Gamejam/GameJamSpring2019/BallNChain/Content/Sounds/HighShatter_01_Cue.uasset" 373
"../../../../../../GameDev/Spring19Gamejam/GameJamSpring2019/BallNChain/Content/Geometry/Meshes/Shatterable.uasset" 374
"../../../../../../GameDev/Spring19Gamejam/GameJamSpring2019/BallNChain/Content/Geometry/Meshes/Museum/DisplayCaseTop.uasset" 375
"../../../../../../GameDev/Spring19Gamejam/GameJamSpring2019/BallNChain/Content/Geometry/Meshes/Museum/DisplayCaseTop_DM.uasset" 376
"../../../../../../GameDev/Spring19Gamejam/GameJamSpring2019/BallNChain/Content/Geometry/Meshes/ShortGlassCase.uasset" 377
"../../../../../../GameDev/Spring19Gamejam/GameJamSpring2019/BallNChain/Content/Geometry/Meshes/Museum/DisplayCaseTallTop.uasset" 378
"../../../../../../GameDev/Spring19Gamejam/GameJamSpring2019/BallNChain/Content/Geometry/Meshes/Museum/DisplayCaseTallTop_DM.uasset" 379
"../../../../../../GameDev/Spring19Gamejam/GameJamSpring2019/BallNChain/Content/Geometry/Meshes/TallGlassCase.uasset" 380
"../../../../../../GameDev/Spring19Gamejam/GameJamSpring2019/BallNChain/Content/Maps/Textures/Lazer.uasset" 381
"../../../Engine/Content/BasicShapes/Cylinder.uasset" 382
"../../../../../../GameDev/Spring19Gamejam/GameJamSpring2019/BallNChain/Content/Maps/lazerDoor2.uasset" 383
"../../../../../../GameDev/Spring19Gamejam/GameJamSpring2019/BallNChain/Content/Maps/roof_Blueprint.uasset" 384
"../../../../../../GameDev/Spring19Gamejam/GameJamSpring2019/BallNChain/Content/Textures/Compass_Color_Palette.uasset" 385
"../../../../../../GameDev/Spring19Gamejam/GameJamSpring2019/BallNChain/Content/Textures/Compass_Color_Palette_Mat.uasset" 386
"../../../../../../GameDev/Spring19Gamejam/GameJamSpring2019/BallNChain/Content/Geometry/Meshes/Compass.uasset" 387
"../../../../../../GameDev/Spring19Gamejam/GameJamSpring2019/BallNChain/Content/ThirdPersonBP/Blueprints/Compass.uasset" 388
"../../../../../../GameDev/Spring19Gamejam/GameJamSpring2019/BallNChain/Content/Textures/Exit_sign.uasset" 389
"../../../../../../GameDev/Spring19Gamejam/GameJamSpring2019/BallNChain/Content/Textures/Exit_sign_Mat.uasset" 390
"../../../../../../GameDev/Spring19Gamejam/GameJamSpring2019/BallNChain/Content/ThirdPersonBP/Blueprints/Animation/Black.uasset" 391
"../../../../../../GameDev/Spring19Gamejam/GameJamSpring2019/BallNChain/Content/ThirdPersonBP/Blueprints/Animation/Brown.uasset" 392
"../../../../../../GameDev/Spring19Gamejam/GameJamSpring2019/BallNChain/Content/ThirdPersonBP/Blueprints/Animation/White.uasset" 393
"../../../../../../GameDev/Spring19Gamejam/GameJamSpring2019/BallNChain/Content/Geometry/Meshes/Museum/Exitsign.uasset" 394
"../../../../../../GameDev/Spring19Gamejam/GameJamSpring2019/BallNChain/Content/Menus/Win.uasset" 395
"../../../../../../GameDev/Spring19Gamejam/GameJamSpring2019/BallNChain/Content/ThirdPersonBP/Blueprints/EndZone.uasset" 396
"../../../../../../GameDev/Spring19Gamejam/GameJamSpring2019/BallNChain/Content/Textures/Pirate_map_texture.uasset" 397
"../../../../../../GameDev/Spring19Gamejam/GameJamSpring2019/BallNChain/Content/Textures/Pirate_map_texture_Mat.uasset" 398
"../../../../../../GameDev/Spring19Gamejam/GameJamSpring2019/BallNChain/Content/Geometry/Meshes/PirateMap.uasset" 399
"../../../../../../GameDev/Spring19Gamejam/GameJamSpring2019/BallNChain/Content/ThirdPersonBP/Blueprints/Map.uasset" 400
"../../../../../../GameDev/Spring19Gamejam/GameJamSpring2019/BallNChain/Content/Maps/NewMap_BuiltData.uasset" 401
"../../../../../../GameDev/Spring19Gamejam/GameJamSpring2019/BallNChain/Content/Maps/StarterContent/Materials/M_AssetPlatform.uasset" 402
"../../../../../../GameDev/Spring19Gamejam/GameJamSpring2019/BallNChain/Content/Maps/StarterContent/Textures/T_Wood_Pine_D.uasset" 403
"../../../../../../GameDev/Spring19Gamejam/GameJamSpring2019/BallNChain/Content/Maps/StarterContent/Textures/T_Wood_Pine_N.uasset" 404
"../../../../../../GameDev/Spring19Gamejam/GameJamSpring2019/BallNChain/Content/Maps/StarterContent/Materials/M_Wood_Pine.uasset" 405
"../../../../../../GameDev/Spring19Gamejam/GameJamSpring2019/BallNChain/Content/ThirdPersonBP/Blueprints/Animation/Metal.uasset" 406
"../../../../../../GameDev/Spring19Gamejam/GameJamSpring2019/BallNChain/Content/ThirdPersonBP/Blueprints/Animation/Red.uasset" 407
"../../../Engine/Content/MapTemplates/SM_Template_Map_Floor.uasset" 408
"../../../../../../GameDev/Spring19Gamejam/GameJamSpring2019/BallNChain/Content/Geometry/Meshes/1M_Cube.uasset" 409
"../../../../../../GameDev/Spring19Gamejam/GameJamSpring2019/BallNChain/Content/Geometry/Meshes/Museum/broadsword.uasset" 410
"../../../../../../GameDev/Spring19Gamejam/GameJamSpring2019/BallNChain/Content/Geometry/Meshes/Museum/cannon.uasset" 411
"../../../../../../GameDev/Spring19Gamejam/GameJamSpring2019/BallNChain/Content/Geometry/Meshes/Museum/cannonBase.uasset" 412
"../../../../../../GameDev/Spring19Gamejam/GameJamSpring2019/BallNChain/Content/Geometry/Meshes/Museum/Captains_Bell.uasset" 413
"../../../../../../GameDev/Spring19Gamejam/GameJamSpring2019/BallNChain/Content/Textures/Pirate_Color_Palette.uasset" 414
"../../../../../../GameDev/Spring19Gamejam/GameJamSpring2019/BallNChain/Content/Textures/Pirate_Color_Palette_Mat.uasset" 415
"../../../../../../GameDev/Spring19Gamejam/GameJamSpring2019/BallNChain/Content/Geometry/Meshes/Museum/dagger.uasset" 416
"../../../../../../GameDev/Spring19Gamejam/GameJamSpring2019/BallNChain/Content/Textures/Display_Case_Color_Palette.uasset" 417
"../../../../../../GameDev/Spring19Gamejam/GameJamSpring2019/BallNChain/Content/Textures/Display_Case_Color_Palette_Mat.uasset" 418
"../../../../../../GameDev/Spring19Gamejam/GameJamSpring2019/BallNChain/Content/Geometry/Meshes/Museum/DisplayCaseBase.uasset" 419
"../../../../../../GameDev/Spring19Gamejam/GameJamSpring2019/BallNChain/Content/Geometry/Meshes/Museum/DisplayCaseTallBase.uasset" 420
"../../../../../../GameDev/Spring19Gamejam/GameJamSpring2019/BallNChain/Content/Geometry/Meshes/Museum/DisplayStand.uasset" 421
"../../../../../../GameDev/Spring19Gamejam/GameJamSpring2019/BallNChain/Content/Textures/jolly_roger.uasset" 422
"../../../../../../GameDev/Spring19Gamejam/GameJamSpring2019/BallNChain/Content/Textures/jolly_roger_Mat.uasset" 423
"../../../../../../GameDev/Spring19Gamejam/GameJamSpring2019/BallNChain/Content/Geometry/Meshes/Museum/JollyRancher.uasset" 424
"../../../../../../GameDev/Spring19Gamejam/GameJamSpring2019/BallNChain/Content/Geometry/Meshes/Museum/Nautical_Divider.uasset" 425
"../../../../../../GameDev/Spring19Gamejam/GameJamSpring2019/BallNChain/Content/Geometry/Meshes/Museum/PiratesChest.uasset" 426
"../../../../../../GameDev/Spring19Gamejam/GameJamSpring2019/BallNChain/Content/Geometry/Meshes/Museum/PiratesCutlass.uasset" 427
"../../../../../../GameDev/Spring19Gamejam/GameJamSpring2019/BallNChain/Content/Geometry/Meshes/Museum/PiratesFlintlock.uasset" 428
"../../../../../../GameDev/Spring19Gamejam/GameJamSpring2019/BallNChain/Content/Geometry/Meshes/Museum/PiratesHat.uasset" 429
"../../../../../../GameDev/Spring19Gamejam/GameJamSpring2019/BallNChain/Content/Geometry/Meshes/Museum/PirateShip.uasset" 430
"../../../../../../GameDev/Spring19Gamejam/GameJamSpring2019/BallNChain/Content/Geometry/Meshes/Museum/pirateshook.uasset" 431
"../../../../../../GameDev/Spring19Gamejam/GameJamSpring2019/BallNChain/Content/Geometry/Meshes/Museum/PiratesMiniCanon.uasset" 432
"../../../../../../GameDev/Spring19Gamejam/GameJamSpring2019/BallNChain/Content/Geometry/Meshes/Museum/piratesrifle.uasset" 433
"../../../../../../GameDev/Spring19Gamejam/GameJamSpring2019/BallNChain/Content/Geometry/Meshes/Museum/Piratesspyglass.uasset" 434
"../../../../../../GameDev/Spring19Gamejam/GameJamSpring2019/BallNChain/Content/Geometry/Meshes/Museum/poniard.uasset" 435
"../../../../../../GameDev/Spring19Gamejam/GameJamSpring2019/BallNChain/Content/Geometry/Meshes/Museum/rapier.uasset" 436
"../../../../../../GameDev/Spring19Gamejam/GameJamSpring2019/BallNChain/Content/Geometry/Meshes/Museum/sextant.uasset" 437
"../../../../../../GameDev/Spring19Gamejam/GameJamSpring2019/BallNChain/Content/Geometry/Meshes/Museum/ShipsAnchor.uasset" 438
"../../../../../../GameDev/Spring19Gamejam/GameJamSpring2019/BallNChain/Content/Geometry/Meshes/Museum/ShipsWheel.uasset" 439
"../../../../../../GameDev/Spring19Gamejam/GameJamSpring2019/BallNChain/Content/Maps/Captains_Bell_Cube_002.uasset" 440
"../../../../../../GameDev/Spring19Gamejam/GameJamSpring2019/BallNChain/Content/Sounds/PirateSong.uasset" 441
"../../../../../../GameDev/Spring19Gamejam/GameJamSpring2019/BallNChain/Content/Sounds/PirateSong_Cue.uasset" 442
"../../../../../../GameDev/Spring19Gamejam/GameJamSpring2019/BallNChain/Content/Textures/WhiteCubemap.uasset" 443
"../../../../../../GameDev/Spring19Gamejam/GameJamSpring2019/BallNChain/Content/Maps/NewMap.umap" 444
"../../../../../../GameDev/Spring19Gamejam/GameJamSpring2019/BallNChain/Content/ThirdPersonBP/Maps/ThirdPersonExampleMap_BuiltData.uasset" 445
"../../../../../../GameDev/Spring19Gamejam/GameJamSpring2019/BallNChain/Content/Geometry/Meshes/1M_Cube_Chamfer.uasset" 446
"../../../../../../GameDev/Spring19Gamejam/GameJamSpring2019/BallNChain/Content/Geometry/Meshes/TemplateFloor.uasset" 447
"../../../../../../GameDev/Spring19Gamejam/GameJamSpring2019/BallNChain/Content/ThirdPerson/Meshes/RampMaterial.uasset" 448
"../../../../../../GameDev/Spring19Gamejam/GameJamSpring2019/BallNChain/Content/ThirdPerson/Meshes/Bump_StaticMesh.uasset" 449
"../../../../../../GameDev/Spring19Gamejam/GameJamSpring2019/BallNChain/Content/ThirdPerson/Meshes/LeftArm_StaticMesh.uasset" 450
"../../../../../../GameDev/Spring19Gamejam/GameJamSpring2019/BallNChain/Content/ThirdPerson/Meshes/Linear_Stair_StaticMesh.uasset" 451
"../../../../../../GameDev/Spring19Gamejam/GameJamSpring2019/BallNChain/Content/ThirdPerson/Meshes/Ramp_StaticMesh.uasset" 452
"../../../../../../GameDev/Spring19Gamejam/GameJamSpring2019/BallNChain/Content/ThirdPerson/Meshes/RightArm_StaticMesh.uasset" 453
"../../../../../../GameDev/Spring19Gamejam/GameJamSpring2019/BallNChain/Content/ThirdPersonBP/Maps/ThirdPersonExampleMap.umap" 454
"../../../Engine/Content/Maps/Entry_BuiltData.uasset" 455
"../../../Engine/Content/Maps/Entry.umap" 456
